# JRE version: Java(TM) SE Runtime Environment (8.0_45-b15) (build 1.8.0_45-b15)
# Java VM: Java HotSpot(TM) 64-Bit Server VM (25.45-b02 mixed mode windows-amd64 compressed oops)
Heap:
 PSYoungGen      total 72704K, used 36900K [0x00000000eab00000, 0x00000000efd00000, 0x0000000100000000)
  eden space 64512K, 57% used [0x00000000eab00000,0x00000000ecf09298,0x00000000eea00000)
  from space 8192K, 0% used [0x00000000ef300000,0x00000000ef300000,0x00000000efb00000)
  to   space 9216K, 0% used [0x00000000eea00000,0x00000000eea00000,0x00000000ef300000)
 ParOldGen       total 112128K, used 49394K [0x00000000c0000000, 0x00000000c6d80000, 0x00000000eab00000)
  object space 112128K, 44% used [0x00000000c0000000,0x00000000c303c9a0,0x00000000c6d80000)
 Metaspace       used 8065K, capacity 8420K, committed 8576K, reserved 1056768K
  class space    used 757K, capacity 788K, committed 896K, reserved 1048576K
GC Heap History (10 events):
Event: 7.217 GC heap before
{Heap before GC invocations=10 (full 1):
 PSYoungGen      total 72704K, used 64512K [0x00000000eab00000, 0x00000000efd00000, 0x0000000100000000)
  eden space 64512K, 100% used [0x00000000eab00000,0x00000000eea00000,0x00000000eea00000)
  from space 8192K, 0% used [0x00000000ef300000,0x00000000ef300000,0x00000000efb00000)
  to   space 9216K, 0% used [0x00000000eea00000,0x00000000eea00000,0x00000000ef300000)
 ParOldGen       total 79872K, used 41468K [0x00000000c0000000, 0x00000000c4e00000, 0x00000000eab00000)
  object space 79872K, 51% used [0x00000000c0000000,0x00000000c287f128,0x00000000c4e00000)
 Metaspace       used 5950K, capacity 7152K, committed 7296K, reserved 1056768K
  class space    used 561K, capacity 616K, committed 640K, reserved 1048576K
Event: 7.232 GC heap after
Heap after GC invocations=10 (full 1):
 PSYoungGen      total 73728K, used 9216K [0x00000000eab00000, 0x00000000efd00000, 0x0000000100000000)
  eden space 64512K, 0% used [0x00000000eab00000,0x00000000eab00000,0x00000000eea00000)
  from space 9216K, 100% used [0x00000000eea00000,0x00000000ef300000,0x00000000ef300000)
  to   space 8192K, 0% used [0x00000000ef300000,0x00000000ef300000,0x00000000efb00000)
 ParOldGen       total 79872K, used 42016K [0x00000000c0000000, 0x00000000c4e00000, 0x00000000eab00000)
  object space 79872K, 52% used [0x00000000c0000000,0x00000000c29081b8,0x00000000c4e00000)
 Metaspace       used 5950K, capacity 7152K, committed 7296K, reserved 1056768K
  class space    used 561K, capacity 616K, committed 640K, reserved 1048576K
}
Event: 8.264 GC heap before
{Heap before GC invocations=11 (full 1):
 PSYoungGen      total 73728K, used 73728K [0x00000000eab00000, 0x00000000efd00000, 0x0000000100000000)
  eden space 64512K, 100% used [0x00000000eab00000,0x00000000eea00000,0x00000000eea00000)
  from space 9216K, 100% used [0x00000000eea00000,0x00000000ef300000,0x00000000ef300000)
  to   space 8192K, 0% used [0x00000000ef300000,0x00000000ef300000,0x00000000efb00000)
 ParOldGen       total 79872K, used 42016K [0x00000000c0000000, 0x00000000c4e00000, 0x00000000eab00000)
  object space 79872K, 52% used [0x00000000c0000000,0x00000000c29081b8,0x00000000c4e00000)
 Metaspace       used 5955K, capacity 7152K, committed 7296K, reserved 1056768K
  class space    used 561K, capacity 616K, committed 640K, reserved 1048576K
Event: 8.302 GC heap after
Heap after GC invocations=11 (full 1):
 PSYoungGen      total 72704K, used 8180K [0x00000000eab00000, 0x00000000efd00000, 0x0000000100000000)
  eden space 64512K, 0% used [0x00000000eab00000,0x00000000eab00000,0x00000000eea00000)
  from space 8192K, 99% used [0x00000000ef300000,0x00000000efafd1e0,0x00000000efb00000)
  to   space 9216K, 0% used [0x00000000eea00000,0x00000000eea00000,0x00000000ef300000)
 ParOldGen       total 79872K, used 52991K [0x00000000c0000000, 0x00000000c4e00000, 0x00000000eab00000)
  object space 79872K, 66% used [0x00000000c0000000,0x00000000c33bfda0,0x00000000c4e00000)
 Metaspace       used 5955K, capacity 7152K, committed 7296K, reserved 1056768K
  class space    used 561K, capacity 616K, committed 640K, reserved 1048576K
}
Event: 9.888 GC heap before
{Heap before GC invocations=12 (full 1):
 PSYoungGen      total 72704K, used 72692K [0x00000000eab00000, 0x00000000efd00000, 0x0000000100000000)
  eden space 64512K, 100% used [0x00000000eab00000,0x00000000eea00000,0x00000000eea00000)
  from space 8192K, 99% used [0x00000000ef300000,0x00000000efafd1e0,0x00000000efb00000)
  to   space 9216K, 0% used [0x00000000eea00000,0x00000000eea00000,0x00000000ef300000)
 ParOldGen       total 79872K, used 52991K [0x00000000c0000000, 0x00000000c4e00000, 0x00000000eab00000)
  object space 79872K, 66% used [0x00000000c0000000,0x00000000c33bfda0,0x00000000c4e00000)
 Metaspace       used 6333K, capacity 7408K, committed 7552K, reserved 1056768K
  class space    used 580K, capacity 616K, committed 640K, reserved 1048576K
Event: 9.912 GC heap after
Heap after GC invocations=12 (full 1):
 PSYoungGen      total 73728K, used 9197K [0x00000000eab00000, 0x00000000efd00000, 0x0000000100000000)
  eden space 64512K, 0% used [0x00000000eab00000,0x00000000eab00000,0x00000000eea00000)
  from space 9216K, 99% used [0x00000000eea00000,0x00000000ef2fb648,0x00000000ef300000)
  to   space 8192K, 0% used [0x00000000ef300000,0x00000000ef300000,0x00000000efb00000)
 ParOldGen       total 79872K, used 64022K [0x00000000c0000000, 0x00000000c4e00000, 0x00000000eab00000)
  object space 79872K, 80% used [0x00000000c0000000,0x00000000c3e85bb8,0x00000000c4e00000)
 Metaspace       used 6333K, capacity 7408K, committed 7552K, reserved 1056768K
  class space    used 580K, capacity 616K, committed 640K, reserved 1048576K
}
Event: 11.009 GC heap before
{Heap before GC invocations=13 (full 1):
 PSYoungGen      total 73728K, used 73709K [0x00000000eab00000, 0x00000000efd00000, 0x0000000100000000)
  eden space 64512K, 100% used [0x00000000eab00000,0x00000000eea00000,0x00000000eea00000)
  from space 9216K, 99% used [0x00000000eea00000,0x00000000ef2fb648,0x00000000ef300000)
  to   space 8192K, 0% used [0x00000000ef300000,0x00000000ef300000,0x00000000efb00000)
 ParOldGen       total 79872K, used 64022K [0x00000000c0000000, 0x00000000c4e00000, 0x00000000eab00000)
  object space 79872K, 80% used [0x00000000c0000000,0x00000000c3e85bb8,0x00000000c4e00000)
 Metaspace       used 8052K, capacity 8420K, committed 8576K, reserved 1056768K
  class space    used 757K, capacity 788K, committed 896K, reserved 1048576K
Event: 11.029 GC heap after
Heap after GC invocations=13 (full 1):
 PSYoungGen      total 72704K, used 4449K [0x00000000eab00000, 0x00000000efd00000, 0x0000000100000000)
  eden space 64512K, 0% used [0x00000000eab00000,0x00000000eab00000,0x00000000eea00000)
  from space 8192K, 54% used [0x00000000ef300000,0x00000000ef7585d8,0x00000000efb00000)
  to   space 9216K, 0% used [0x00000000eea00000,0x00000000eea00000,0x00000000ef300000)
 ParOldGen       total 79872K, used 72594K [0x00000000c0000000, 0x00000000c4e00000, 0x00000000eab00000)
  object space 79872K, 90% used [0x00000000c0000000,0x00000000c46e4870,0x00000000c4e00000)
 Metaspace       used 8052K, capacity 8420K, committed 8576K, reserved 1056768K
  class space    used 757K, capacity 788K, committed 896K, reserved 1048576K
}
Event: 11.029 GC heap before
{Heap before GC invocations=14 (full 2):
 PSYoungGen      total 72704K, used 4449K [0x00000000eab00000, 0x00000000efd00000, 0x0000000100000000)
  eden space 64512K, 0% used [0x00000000eab00000,0x00000000eab00000,0x00000000eea00000)
  from space 8192K, 54% used [0x00000000ef300000,0x00000000ef7585d8,0x00000000efb00000)
  to   space 9216K, 0% used [0x00000000eea00000,0x00000000eea00000,0x00000000ef300000)
 ParOldGen       total 79872K, used 72594K [0x00000000c0000000, 0x00000000c4e00000, 0x00000000eab00000)
  object space 79872K, 90% used [0x00000000c0000000,0x00000000c46e4870,0x00000000c4e00000)
 Metaspace       used 8052K, capacity 8420K, committed 8576K, reserved 1056768K
  class space    used 757K, capacity 788K, committed 896K, reserved 1048576K
Event: 11.392 GC heap after
Heap after GC invocations=14 (full 2):
 PSYoungGen      total 72704K, used 0K [0x00000000eab00000, 0x00000000efd00000, 0x0000000100000000)
  eden space 64512K, 0% used [0x00000000eab00000,0x00000000eab00000,0x00000000eea00000)
  from space 8192K, 0% used [0x00000000ef300000,0x00000000ef300000,0x00000000efb00000)
  to   space 9216K, 0% used [0x00000000eea00000,0x00000000eea00000,0x00000000ef300000)
 ParOldGen       total 112128K, used 49394K [0x00000000c0000000, 0x00000000c6d80000, 0x00000000eab00000)
  object space 112128K, 44% used [0x00000000c0000000,0x00000000c303c9a0,0x00000000c6d80000)
 Metaspace       used 8052K, capacity 8420K, committed 8576K, reserved 1056768K
  class space    used 757K, capacity 788K, committed 896K, reserved 1048576K
}

