# JRE version: Java(TM) SE Runtime Environment (8.0_45-b15) (build 1.8.0_45-b15)
# Java VM: Java HotSpot(TM) 64-Bit Server VM (25.45-b02 mixed mode windows-amd64 compressed oops)
Heap:
 PSYoungGen      total 142848K, used 91385K [0x00000000eab00000, 0x00000000fa480000, 0x0000000100000000)
  eden space 124416K, 61% used [0x00000000eab00000,0x00000000ef64af98,0x00000000f2480000)
  from space 18432K, 77% used [0x00000000f2480000,0x00000000f32734f0,0x00000000f3680000)
  to   space 28160K, 0% used [0x00000000f8900000,0x00000000f8900000,0x00000000fa480000)
 ParOldGen       total 47616K, used 47389K [0x00000000c0000000, 0x00000000c2e80000, 0x00000000eab00000)
  object space 47616K, 99% used [0x00000000c0000000,0x00000000c2e476c8,0x00000000c2e80000)
 Metaspace       used 6081K, capacity 7152K, committed 7296K, reserved 1056768K
  class space    used 577K, capacity 616K, committed 640K, reserved 1048576K
GC Heap History (10 events):
Event: 20.760 GC heap before
{Heap before GC invocations=6 (full 0):
 PSYoungGen      total 35328K, used 35299K [0x00000000eab00000, 0x00000000efa00000, 0x0000000100000000)
  eden space 32768K, 100% used [0x00000000eab00000,0x00000000ecb00000,0x00000000ecb00000)
  from space 2560K, 98% used [0x00000000ecb00000,0x00000000ecd78fb8,0x00000000ecd80000)
  to   space 7680K, 0% used [0x00000000ef280000,0x00000000ef280000,0x00000000efa00000)
 ParOldGen       total 44032K, used 15786K [0x00000000c0000000, 0x00000000c2b00000, 0x00000000eab00000)
  object space 44032K, 35% used [0x00000000c0000000,0x00000000c0f6aae0,0x00000000c2b00000)
 Metaspace       used 5904K, capacity 7088K, committed 7296K, reserved 1056768K
  class space    used 557K, capacity 616K, committed 640K, reserved 1048576K
Event: 20.840 GC heap after
Heap after GC invocations=6 (full 0):
 PSYoungGen      total 72192K, used 7545K [0x00000000eab00000, 0x00000000efc00000, 0x0000000100000000)
  eden space 64512K, 0% used [0x00000000eab00000,0x00000000eab00000,0x00000000eea00000)
  from space 7680K, 98% used [0x00000000ef280000,0x00000000ef9de4b8,0x00000000efa00000)
  to   space 8704K, 0% used [0x00000000eea00000,0x00000000eea00000,0x00000000ef280000)
 ParOldGen       total 44032K, used 15794K [0x00000000c0000000, 0x00000000c2b00000, 0x00000000eab00000)
  object space 44032K, 35% used [0x00000000c0000000,0x00000000c0f6cae0,0x00000000c2b00000)
 Metaspace       used 5904K, capacity 7088K, committed 7296K, reserved 1056768K
  class space    used 557K, capacity 616K, committed 640K, reserved 1048576K
}
Event: 24.387 GC heap before
{Heap before GC invocations=7 (full 0):
 PSYoungGen      total 72192K, used 72057K [0x00000000eab00000, 0x00000000efc00000, 0x0000000100000000)
  eden space 64512K, 100% used [0x00000000eab00000,0x00000000eea00000,0x00000000eea00000)
  from space 7680K, 98% used [0x00000000ef280000,0x00000000ef9de4b8,0x00000000efa00000)
  to   space 8704K, 0% used [0x00000000eea00000,0x00000000eea00000,0x00000000ef280000)
 ParOldGen       total 44032K, used 15794K [0x00000000c0000000, 0x00000000c2b00000, 0x00000000eab00000)
  object space 44032K, 35% used [0x00000000c0000000,0x00000000c0f6cae0,0x00000000c2b00000)
 Metaspace       used 5928K, capacity 7088K, committed 7296K, reserved 1056768K
  class space    used 557K, capacity 616K, committed 640K, reserved 1048576K
Event: 24.609 GC heap after
Heap after GC invocations=7 (full 0):
 PSYoungGen      total 73216K, used 8700K [0x00000000eab00000, 0x00000000f4400000, 0x0000000100000000)
  eden space 64512K, 0% used [0x00000000eab00000,0x00000000eab00000,0x00000000eea00000)
  from space 8704K, 99% used [0x00000000eea00000,0x00000000ef27f3e0,0x00000000ef280000)
  to   space 13824K, 0% used [0x00000000f3680000,0x00000000f3680000,0x00000000f4400000)
 ParOldGen       total 44032K, used 24232K [0x00000000c0000000, 0x00000000c2b00000, 0x00000000eab00000)
  object space 44032K, 55% used [0x00000000c0000000,0x00000000c17aa2b0,0x00000000c2b00000)
 Metaspace       used 5928K, capacity 7088K, committed 7296K, reserved 1056768K
  class space    used 557K, capacity 616K, committed 640K, reserved 1048576K
}
Event: 28.977 GC heap before
{Heap before GC invocations=8 (full 0):
 PSYoungGen      total 73216K, used 73212K [0x00000000eab00000, 0x00000000f4400000, 0x0000000100000000)
  eden space 64512K, 100% used [0x00000000eab00000,0x00000000eea00000,0x00000000eea00000)
  from space 8704K, 99% used [0x00000000eea00000,0x00000000ef27f3e0,0x00000000ef280000)
  to   space 13824K, 0% used [0x00000000f3680000,0x00000000f3680000,0x00000000f4400000)
 ParOldGen       total 44032K, used 24232K [0x00000000c0000000, 0x00000000c2b00000, 0x00000000eab00000)
  object space 44032K, 55% used [0x00000000c0000000,0x00000000c17aa2b0,0x00000000c2b00000)
 Metaspace       used 5941K, capacity 7088K, committed 7296K, reserved 1056768K
  class space    used 558K, capacity 616K, committed 640K, reserved 1048576K
Event: 29.169 GC heap after
Heap after GC invocations=8 (full 0):
 PSYoungGen      total 138240K, used 13802K [0x00000000eab00000, 0x00000000f4d00000, 0x0000000100000000)
  eden space 124416K, 0% used [0x00000000eab00000,0x00000000eab00000,0x00000000f2480000)
  from space 13824K, 99% used [0x00000000f3680000,0x00000000f43fa9a0,0x00000000f4400000)
  to   space 18432K, 0% used [0x00000000f2480000,0x00000000f2480000,0x00000000f3680000)
 ParOldGen       total 44032K, used 30766K [0x00000000c0000000, 0x00000000c2b00000, 0x00000000eab00000)
  object space 44032K, 69% used [0x00000000c0000000,0x00000000c1e0b9e0,0x00000000c2b00000)
 Metaspace       used 5941K, capacity 7088K, committed 7296K, reserved 1056768K
  class space    used 558K, capacity 616K, committed 640K, reserved 1048576K
}
Event: 35.642 GC heap before
{Heap before GC invocations=9 (full 0):
 PSYoungGen      total 138240K, used 138218K [0x00000000eab00000, 0x00000000f4d00000, 0x0000000100000000)
  eden space 124416K, 100% used [0x00000000eab00000,0x00000000f2480000,0x00000000f2480000)
  from space 13824K, 99% used [0x00000000f3680000,0x00000000f43fa9a0,0x00000000f4400000)
  to   space 18432K, 0% used [0x00000000f2480000,0x00000000f2480000,0x00000000f3680000)
 ParOldGen       total 44032K, used 30766K [0x00000000c0000000, 0x00000000c2b00000, 0x00000000eab00000)
  object space 44032K, 69% used [0x00000000c0000000,0x00000000c1e0b9e0,0x00000000c2b00000)
 Metaspace       used 5991K, capacity 7152K, committed 7296K, reserved 1056768K
  class space    used 558K, capacity 616K, committed 640K, reserved 1048576K
Event: 35.865 GC heap after
Heap after GC invocations=9 (full 0):
 PSYoungGen      total 142848K, used 18406K [0x00000000eab00000, 0x00000000fa480000, 0x0000000100000000)
  eden space 124416K, 0% used [0x00000000eab00000,0x00000000eab00000,0x00000000f2480000)
  from space 18432K, 99% used [0x00000000f2480000,0x00000000f3679870,0x00000000f3680000)
  to   space 28160K, 0% used [0x00000000f8900000,0x00000000f8900000,0x00000000fa480000)
 ParOldGen       total 47616K, used 47115K [0x00000000c0000000, 0x00000000c2e80000, 0x00000000eab00000)
  object space 47616K, 98% used [0x00000000c0000000,0x00000000c2e02fd0,0x00000000c2e80000)
 Metaspace       used 5991K, capacity 7152K, committed 7296K, reserved 1056768K
  class space    used 558K, capacity 616K, committed 640K, reserved 1048576K
}
Event: 35.865 GC heap before
{Heap before GC invocations=10 (full 1):
 PSYoungGen      total 142848K, used 18406K [0x00000000eab00000, 0x00000000fa480000, 0x0000000100000000)
  eden space 124416K, 0% used [0x00000000eab00000,0x00000000eab00000,0x00000000f2480000)
  from space 18432K, 99% used [0x00000000f2480000,0x00000000f3679870,0x00000000f3680000)
  to   space 28160K, 0% used [0x00000000f8900000,0x00000000f8900000,0x00000000fa480000)
 ParOldGen       total 47616K, used 47115K [0x00000000c0000000, 0x00000000c2e80000, 0x00000000eab00000)
  object space 47616K, 98% used [0x00000000c0000000,0x00000000c2e02fd0,0x00000000c2e80000)
 Metaspace       used 5991K, capacity 7152K, committed 7296K, reserved 1056768K
  class space    used 558K, capacity 616K, committed 640K, reserved 1048576K
Event: 37.654 GC heap after
Heap after GC invocations=10 (full 1):
 PSYoungGen      total 142848K, used 14285K [0x00000000eab00000, 0x00000000fa480000, 0x0000000100000000)
  eden space 124416K, 0% used [0x00000000eab00000,0x00000000eab00000,0x00000000f2480000)
  from space 18432K, 77% used [0x00000000f2480000,0x00000000f32734f0,0x00000000f3680000)
  to   space 28160K, 0% used [0x00000000f8900000,0x00000000f8900000,0x00000000fa480000)
 ParOldGen       total 47616K, used 47389K [0x00000000c0000000, 0x00000000c2e80000, 0x00000000eab00000)
  object space 47616K, 99% used [0x00000000c0000000,0x00000000c2e476c8,0x00000000c2e80000)
 Metaspace       used 5991K, capacity 7152K, committed 7296K, reserved 1056768K
  class space    used 558K, capacity 616K, committed 640K, reserved 1048576K
}

